TN:
SF:LinkedList.js
FN:2,(anonymous_0)
FN:7,(anonymous_1)
FN:12,(anonymous_2)
FN:22,(anonymous_3)
FN:33,(anonymous_4)
FN:37,(anonymous_5)
FN:48,(anonymous_6)
FN:60,(anonymous_7)
FN:73,(anonymous_8)
FNF:9
FNH:8
FNDA:14,(anonymous_0)
FNDA:37,(anonymous_1)
FNDA:12,(anonymous_2)
FNDA:4,(anonymous_3)
FNDA:2,(anonymous_4)
FNDA:4,(anonymous_5)
FNDA:0,(anonymous_6)
FNDA:38,(anonymous_7)
FNDA:13,(anonymous_8)
DA:3,14
DA:4,14
DA:8,37
DA:9,37
DA:10,37
DA:13,12
DA:14,6
DA:16,6
DA:17,6
DA:18,7
DA:20,6
DA:23,4
DA:24,1
DA:26,3
DA:27,3
DA:28,2
DA:30,1
DA:31,1
DA:34,2
DA:35,2
DA:38,4
DA:39,1
DA:41,3
DA:42,3
DA:43,2
DA:45,1
DA:46,1
DA:49,0
DA:50,0
DA:51,0
DA:52,0
DA:53,0
DA:55,0
DA:61,38
DA:62,38
DA:73,1
DA:74,13
DA:75,13
DA:76,34
DA:78,13
DA:81,1
LF:41
LH:35
BRDA:13,0,0,6
BRDA:13,0,1,6
BRDA:13,1,0,12
BRDA:13,1,1,8
BRDA:23,2,0,1
BRDA:23,2,1,3
BRDA:27,3,0,2
BRDA:27,3,1,1
BRDA:38,4,0,1
BRDA:38,4,1,3
BRDA:42,5,0,2
BRDA:42,5,1,1
BRF:12
BRH:12
end_of_record
